<?xml version="1.0" encoding="UTF-8"?>
<!-- Generated by org.testng.reporters.JUnitReportReporter -->
<testsuite hostname="Batch5-Prithiviraj" name="com.qa.crm.testcases.HomePageTest" tests="3" failures="0" timestamp="5 Aug 2018 20:10:00 GMT" time="133.661" errors="0">
  <testcase name="verifyhomepagetitletest" time="45.287" classname="com.qa.crm.testcases.HomePageTest"/>
  <testcase name="verifycontactslink" time="42.328" classname="com.qa.crm.testcases.HomePageTest"/>
  <testcase name="verifyusername" time="46.046" classname="com.qa.crm.testcases.HomePageTest"/>
</testsuite> <!-- com.qa.crm.testcases.HomePageTest -->
