<?xml version="1.0" encoding="UTF-8"?>
<!-- Generated by org.testng.reporters.JUnitReportReporter -->
<testsuite hostname="Batch5-Prithiviraj" name="com.qa.crm.testcases.HomePageTest" tests="4" failures="0" timestamp="13 Aug 2018 10:44:20 GMT" time="169.852" errors="0">
  <testcase name="verifyusername" time="36.884" classname="com.qa.crm.testcases.HomePageTest"/>
  <testcase name="verifycontactslink" time="48.806" classname="com.qa.crm.testcases.HomePageTest"/>
  <testcase name="verifyhomepagetitletest" time="40.661" classname="com.qa.crm.testcases.HomePageTest"/>
  <testcase name="navigateonnewcontacts" time="43.501" classname="com.qa.crm.testcases.HomePageTest"/>
</testsuite> <!-- com.qa.crm.testcases.HomePageTest -->
