<?xml version="1.0" encoding="UTF-8"?>
<!-- Generated by org.testng.reporters.JUnitReportReporter -->
<testsuite hostname="Batch5-Prithiviraj" name="com.qa.crm.testcases.LoginPageTest" tests="3" failures="0" timestamp="13 Aug 2018 15:45:09 GMT" time="115.047" errors="0">
  <testcase name="logintest" time="44.252" classname="com.qa.crm.testcases.LoginPageTest"/>
  <testcase name="loginpagetitletest" time="31.715" classname="com.qa.crm.testcases.LoginPageTest"/>
  <testcase name="crmlogotest" time="39.080" classname="com.qa.crm.testcases.LoginPageTest"/>
</testsuite> <!-- com.qa.crm.testcases.LoginPageTest -->
